[2025-05-02 19:15:21,388] 1025 httpx - INFO - HTTP Request: GET https://dagshub.com/api/v1/user "HTTP/1.1 200 OK"
[2025-05-02 19:15:21,413] 107 dagshub - INFO - Accessing as balu113311
[2025-05-02 19:15:21,990] 1025 httpx - INFO - HTTP Request: GET https://dagshub.com/api/v1/repos/balu113311/networksecurity "HTTP/1.1 200 OK"
[2025-05-02 19:15:22,463] 1025 httpx - INFO - HTTP Request: GET https://dagshub.com/api/v1/user "HTTP/1.1 200 OK"
[2025-05-02 19:15:22,468] 107 dagshub - INFO - Initialized MLflow to track repo "balu113311/networksecurity"
[2025-05-02 19:15:22,470] 107 dagshub - INFO - Repository balu113311/networksecurity initialized!
[2025-05-02 19:32:09,796] 42 root - INFO - Start data Ingestion
[2025-05-02 19:32:16,939] 65 root - INFO - Performed train test split on the dataframe
[2025-05-02 19:32:16,939] 67 root - INFO - Exited split_data_as_train_test method of Data_Ingestion class
[2025-05-02 19:32:16,940] 75 root - INFO - Exporting train and test file path.
[2025-05-02 19:32:17,052] 84 root - INFO - Exported train and test file path.
[2025-05-02 19:32:17,054] 45 root - INFO - Data Ingestion completed and artifact: DataIngestionArtifact(trained_file_path='Artifacts\\05_02_2025_19_15_13\\data_ingestion\\ingested\\train.csv', test_file_path='Artifacts\\05_02_2025_19_15_13\\data_ingestion\\ingested\\test.csv')
[2025-05-02 19:32:17,071] 55 root - INFO - Initiate the data Validation
[2025-05-02 19:32:17,175] 32 root - INFO - Required number of columns:2
[2025-05-02 19:32:17,175] 33 root - INFO - Data frame has columns:31
[2025-05-02 19:32:17,175] 32 root - INFO - Required number of columns:2
[2025-05-02 19:32:17,175] 33 root - INFO - Data frame has columns:31
[2025-05-02 19:32:17,487] 63 root - INFO - Entered initiate_data_transformation method of DataTransformation class
[2025-05-02 19:32:17,490] 65 root - INFO - Starting data transformation
[2025-05-02 19:32:17,546] 48 root - INFO - Entered get_data_trnasformer_object method of Trnasformation class
[2025-05-02 19:32:17,547] 53 root - INFO - Initialise KNNImputer with {'missing_values': nan, 'n_neighbors': 3, 'weights': 'uniform'}
[2025-05-02 19:32:17,581] 46 root - INFO - Entered the save_object method of MainUtils class
[2025-05-02 19:32:17,588] 50 root - INFO - Exited the save_object method of MainUtils class
[2025-05-02 19:32:17,588] 46 root - INFO - Entered the save_object method of MainUtils class
[2025-05-02 19:32:17,598] 50 root - INFO - Exited the save_object method of MainUtils class
[2025-05-02 19:44:18,594] 46 root - INFO - Entered the save_object method of MainUtils class
[2025-05-02 19:44:18,595] 50 root - INFO - Exited the save_object method of MainUtils class
[2025-05-02 19:44:18,595] 46 root - INFO - Entered the save_object method of MainUtils class
[2025-05-02 19:44:18,659] 50 root - INFO - Exited the save_object method of MainUtils class
[2025-05-02 19:44:18,660] 153 root - INFO - Model trainer artifact: ModelTrainerArtifact(trained_model_file_path='Artifacts\\05_02_2025_19_15_13\\model_trainer\\trained_model\\model.pkl', train_metric_artifact=ClassificationMetricArtifact(f1_score=0.990928549587198, precision_score=0.9894158355383676, recall_score=0.9924458962841977), test_metric_artifact=ClassificationMetricArtifact(f1_score=0.974703557312253, precision_score=0.970102281667978, recall_score=0.9793486894360603))
